<?xml version="1.0" encoding="UTF-8"?>
<!-- Generated by org.testng.reporters.JUnitXMLReporter -->
<testsuite ignored="4" hostname="Mandvi" failures="0" tests="2" name="Default test" time="0.146" errors="0" timestamp="2025-01-21T20:29:37 IST">
  <testcase classname="Tests.ClassOne" name="testCase3" time="0.022"/>
  <testcase classname="Tests.ClassOne" name="testCase3" time="0.003"/>
  <testcase classname="Tests.ClassOne" name="testCase2" time="0.0">
    <ignored/>
  </testcase> <!-- testCase2 -->
  <testcase classname="Tests.ClassOne" name="testClassOne" time="0.0">
    <ignored/>
  </testcase> <!-- testClassOne -->
  <testcase classname="Tests.ClassOne" name="testCase1" time="0.0">
    <ignored/>
  </testcase> <!-- testCase1 -->
  <testcase classname="Tests.ClassOne" name="excludeMethod" time="0.0">
    <ignored/>
  </testcase> <!-- excludeMethod -->
</testsuite> <!-- Default test -->
