<?xml version="1.0" encoding="UTF-8"?>
<!-- Generated by org.testng.reporters.JUnitXMLReporter -->
<testsuite ignored="11" hostname="Mandvi" failures="0" tests="2" name="Test" time="0.13" errors="0" timestamp="2025-01-12T21:01:31 IST">
  <testcase classname="Tests.TestNGGroups2" name="composeMail" time="0.024"/>
  <testcase classname="Tests.TestNGGroups" name="loginTest" time="0.021"/>
  <testcase classname="Tests.TestNGException" name="testA" time="0.0">
    <ignored/>
  </testcase> <!-- testA -->
  <testcase classname="Tests.ScreenshotExample2" name="Test1" time="0.0">
    <ignored/>
  </testcase> <!-- Test1 -->
  <testcase classname="Tests.TestNGMethodsParallelExecution" name="runOnFirefox" time="0.0">
    <ignored/>
  </testcase> <!-- runOnFirefox -->
  <testcase classname="Tests.DatProviderTest2" name="loginTest" time="0.0">
    <ignored/>
  </testcase> <!-- loginTest -->
  <testcase classname="Tests.TestNGException" name="testB" time="0.0">
    <ignored/>
  </testcase> <!-- testB -->
  <testcase classname="Tests.ScreenshotExample2" name="test2" time="0.0">
    <ignored/>
  </testcase> <!-- test2 -->
  <testcase classname="Tests.ScreenshotExample3" name="TestExample1" time="0.0">
    <ignored/>
  </testcase> <!-- TestExample1 -->
  <testcase classname="Tests.TestNGMethodsParallelExecution" name="runOnChrome" time="0.0">
    <ignored/>
  </testcase> <!-- runOnChrome -->
  <testcase classname="Tests.DatProviderTest" name="loginTest" time="0.0">
    <ignored/>
  </testcase> <!-- loginTest -->
  <testcase classname="Tests.ScreenshotExample3" name="testExample2" time="0.0">
    <ignored/>
  </testcase> <!-- testExample2 -->
  <testcase classname="Tests.TestNGException" name="testException" time="0.0">
    <ignored/>
  </testcase> <!-- testException -->
</testsuite> <!-- Test -->
