<?xml version="1.0" encoding="UTF-8"?>
<testng-results ignored="0" total="2" passed="2" failed="0" skipped="0">
  <reporter-output>
  </reporter-output>
  <suite started-at="2025-01-21T20:29:37 IST" name="Default suite" finished-at="2025-01-21T20:29:37 IST" duration-ms="146">
    <groups>
    </groups>
    <test started-at="2025-01-21T20:29:37 IST" name="Default test" finished-at="2025-01-21T20:29:37 IST" duration-ms="146">
      <class name="Tests.ClassOne">
        <test-method signature="testCase3()[pri:0, instance:Tests.ClassOne@33065d67]" started-at="2025-01-21T20:29:37 IST" name="testCase3" finished-at="2025-01-21T20:29:37 IST" duration-ms="22" status="PASS">
          <reporter-output>
          </reporter-output>
        </test-method> <!-- testCase3 -->
        <test-method signature="testCase3()[pri:0, instance:Tests.ClassOne@33065d67]" started-at="2025-01-21T20:29:37 IST" name="testCase3" finished-at="2025-01-21T20:29:37 IST" duration-ms="3" status="PASS">
          <reporter-output>
          </reporter-output>
        </test-method> <!-- testCase3 -->
      </class> <!-- Tests.ClassOne -->
    </test> <!-- Default test -->
  </suite> <!-- Default suite -->
</testng-results>
