<?xml version="1.0" encoding="UTF-8"?>
<!-- Generated by org.testng.reporters.JUnitXMLReporter -->
<testsuite ignored="0" hostname="Mandvi" failures="0" tests="3" name="Parameter Test" time="8.605" errors="0" timestamp="2025-01-21T19:41:12 IST">
  <testcase classname="Tests.testngParameterTest" name="testParameter" time="8.442"/>
  <testcase classname="Tests.TestngExpectedExceptionTest" name="testExpectedException" time="0.007"/>
  <testcase classname="Tests.TestngExpectedExceptionTest" name="testSkipException" time="0.003">
    <skipped/>
  </testcase> <!-- testSkipException -->
</testsuite> <!-- Parameter Test -->
