<?xml version="1.0" encoding="UTF-8"?>
<!-- Generated by org.testng.reporters.JUnitXMLReporter -->
<testsuite ignored="0" hostname="Mandvi" failures="0" tests="3" name="ParallelClasses" time="0.231" errors="0" timestamp="2025-01-21T20:21:44 IST">
  <testcase classname="Tests.ClassTwo" name="testClassTwo" time="0.025"/>
  <testcase classname="Tests.ClassOne" name="testClassOne" time="0.026"/>
  <testcase classname="Tests.ClassOne" name="excludeMethod" time="0.011"/>
</testsuite> <!-- ParallelClasses -->
